0 info it worked if it ends with ok
1 verbose cli [ 'C:\\Program Files\\nodejs\\node.exe',
1 verbose cli   'C:\\Program Files\\nodejs\\node_modules\\npm\\bin\\npm-cli.js',
1 verbose cli   'run',
1 verbose cli   'dev' ]
2 info using npm@3.10.10
3 info using node@v6.10.0
4 verbose run-script [ 'predev', 'dev', 'postdev' ]
5 info lifecycle ccp@1.0.0~predev: ccp@1.0.0
6 silly lifecycle ccp@1.0.0~predev: no script for predev, continuing
7 info lifecycle ccp@1.0.0~dev: ccp@1.0.0
8 verbose lifecycle ccp@1.0.0~dev: unsafe-perm in lifecycle true
9 verbose lifecycle ccp@1.0.0~dev: PATH: C:\Program Files\nodejs\node_modules\npm\bin\node-gyp-bin;C:\Users\WIT\Desktop\vue-element-admin-master\node_modules\.bin;C:\ProgramData\Oracle\Java\javapath;C:\Program Files (x86)\Common Files\NetSarang;E:\apache-maven-3.2.1\bin;C:\Program Files (x86)\NVIDIA Corporation\PhysX\Common;C:\Program Files (x86)\Intel\iCLS Client\;C:\Program Files\Intel\iCLS Client\;C:\WINDOWS\system32;C:\WINDOWS;C:\WINDOWS\System32\Wbem;C:\WINDOWS\System32\WindowsPowerShell\v1.0\;C:\Program Files\Intel\Intel(R) Management Engine Components\DAL;C:\Program Files\Intel\Intel(R) Management Engine Components\IPT;C:\Program Files (x86)\Intel\Intel(R) Management Engine Components\DAL;C:\Program Files (x86)\Intel\Intel(R) Management Engine Components\IPT;C:\Program Files (x86)\Intel\OpenCL SDK\2.0\bin\x86;C:\Program Files (x86)\Intel\OpenCL SDK\2.0\bin\x64;C:\ProgramData\Lenovo\ReadyApps;C:\Program Files\Intel\WiFi\bin\;C:\Program Files\Common Files\Intel\WirelessCommon\;C:\Program Files\Java\jdk1.7.0_51\bin;JAVA_HOME%\jre\bin;D:\jt\pb9dll;E:\SoftFixed\android-sdk-windows\tools;E:\SoftFixed\android-sdk-windows\platform-tools;E:\SoftFixed\eclipse-jee-mars-2-win32-x86_64\eclipse\plugins\org.apache.ant_1.9.6.v201510161327;D:\pb9dll;E:\apache-maven-3.2.1\bin;C:\Program Files\nodejs\;C:\Program Files\TortoiseSVN\bin;C:\Users\WIT\AppData\Roaming\npm
10 verbose lifecycle ccp@1.0.0~dev: CWD: C:\Users\WIT\Desktop\vue-element-admin-master
11 silly lifecycle ccp@1.0.0~dev: Args: [ '/d /s /c', 'node build/dev-server.js' ]
12 silly lifecycle ccp@1.0.0~dev: Returned: code: 3221225786  signal: null
13 info lifecycle ccp@1.0.0~dev: Failed to exec dev script
14 verbose stack Error: ccp@1.0.0 dev: `node build/dev-server.js`
14 verbose stack Exit status 3221225786
14 verbose stack     at EventEmitter.<anonymous> (C:\Program Files\nodejs\node_modules\npm\lib\utils\lifecycle.js:255:16)
14 verbose stack     at emitTwo (events.js:106:13)
14 verbose stack     at EventEmitter.emit (events.js:191:7)
14 verbose stack     at ChildProcess.<anonymous> (C:\Program Files\nodejs\node_modules\npm\lib\utils\spawn.js:40:14)
14 verbose stack     at emitTwo (events.js:106:13)
14 verbose stack     at ChildProcess.emit (events.js:191:7)
14 verbose stack     at maybeClose (internal/child_process.js:877:16)
14 verbose stack     at Process.ChildProcess._handle.onexit (internal/child_process.js:226:5)
15 verbose pkgid ccp@1.0.0
16 verbose cwd C:\Users\WIT\Desktop\vue-element-admin-master\src
17 error Windows_NT 6.3.9600
18 error argv "C:\\Program Files\\nodejs\\node.exe" "C:\\Program Files\\nodejs\\node_modules\\npm\\bin\\npm-cli.js" "run" "dev"
19 error node v6.10.0
20 error npm  v3.10.10
21 error code ELIFECYCLE
22 error ccp@1.0.0 dev: `node build/dev-server.js`
22 error Exit status 3221225786
23 error Failed at the ccp@1.0.0 dev script 'node build/dev-server.js'.
23 error Make sure you have the latest version of node.js and npm installed.
23 error If you do, this is most likely a problem with the ccp package,
23 error not with npm itself.
23 error Tell the author that this fails on your system:
23 error     node build/dev-server.js
23 error You can get information on how to open an issue for this project with:
23 error     npm bugs ccp
23 error Or if that isn't available, you can get their info via:
23 error     npm owner ls ccp
23 error There is likely additional logging output above.
24 verbose exit [ 1, true ]
